picocom --omap delbs -e b -b 115200 /dev/ttyUSB0
Terminal ready
 ok 
 ok 
0 block b/buf dump 
  24C:     89  881E     0  FFFF    89  BFCF     0  FFFF  __________O?____
  25C:     89  881E     0     0    89  BFCF     0  FFFF  __________O?____
  26C:     51    52    59     1     0     A     1     0  Q_R_Y___________
  27C:      0     0     0    23    36    85    95     6  ______#_6_______
  28C:      9     9     0     2     2     3     0    18  ________________
  29C:      1     0     9     0     2    7E     0     0  __________~_____
  2AC:      2     3     0    80     0     0     0     0  ________________
  2BC:      0  FFFF  FFFF  FFFF  FFFF  FFFF  FFFF  FFFF  ________________
  2CC:   FFFF  FFFF  FFFF  FFFF  FFFF  FFFF  FFFF  FFFF  ________________
  2DC:   FFFF  FFFF  FFFF  FFFF  FFFF  FFFF  FFFF  FFFF  ________________
  2EC:   FFFF  FFFF  FFFF  FFFF  FFFF  FFFF  FFFF  FFFF  ________________
  2FC:   FFFF  FFFF  FFFF  FFFF  FFFF  FFFF  FFFF  FFFF  ________________
  30C:   FFFF  FFFF  FFFF  FFFF  FFFF  FFFF  FFFF  FFFF  ________________
  31C:   FFFF  FFFF  FFFF  FFFF  FFFF  FFFF  FFFF  FFFF  ________________
  32C:   FFFF  FFFF  FFFF  FFFF  FFFF  FFFF  FFFF  FFFF  ________________
  33C:   FFFF  FFFF  FFFF  FFFF  FFFF  FFFF  FFFF  FFFF  ________________
  34C:   FFBE   396  66A2  A600  395A  FFFF  FFFF  FFFF  >___"f_&Z9______
  35C:   FFFF  FFFF  FFFF  FFFF  FFFF  FFFF  FFFF  FFFF  ________________
  36C:   FFFF  FFFF  FFFF  FFFF  FFFF  FFFF  FFFF  FFFF  ________________
  37C:   FFFF  FFFF  FFFF  FFFF  FFFF  FFFF  FFFF  FFFF  ________________
  38C:   FFFF  FFFF  FFFF  FFFF  FFFF  FFFF  FFFF  FFFF  ________________
  39C:   FFFF  FFFF  FFFF  FFFF  FFFF  FFFF  FFFF  FFFF  ________________
  3AC:   FFFF  FFFF  FFFF  FFFF  FFFF  FFFF  FFFF  FFFF  ________________
  3BC:   FFFF  FFFF  FFFF  FFFF  FFFF  FFFF  FFFF  FFFF  ________________
  3CC:   FFFF  FFFF  FFFF  FFFF  FFFF  FFFF  FFFF  FFFF  ________________
  3DC:   FFFF  FFFF  FFFF  FFFF  FFFF  FFFF  FFFF  FFFF  ________________
  3EC:   FFFF  FFFF  FFFF  FFFF  FFFF  FFFF  FFFF  FFFF  ________________
  3FC:   FFFF  FFFF  FFFF  FFFF  FFFF  FFFF  FFFF  FFFF  ________________
  40C:   FFFF  FFFF  FFFF  FFFF  FFFF  FFFF  FFFF  FFFF  ________________
  41C:   FFFF  FFFF  FFFF  FFFF  FFFF  FFFF  FFFF  FFFF  ________________
  42C:   FFFF  FFFF  FFFF  FFFF  FFFF  FFFF  FFFF  FFFF  ________________
  43C:   FFFF  FFFF  FFFF  FFFF  FFFF  FFFF  FFFF  FFFF  ________________
  44C:   FFFF  FFFF  FFFF  FFFF  FFFF  FFFF  FFFF  FFFF  ________________
  45C:   FFFF  FFFF    50    52    49    31    35    E6  ____P_R_I_1_5_f_
  46C:      1     0     0     1     3     0    30    90  ____________0___
  47C:      2    80     0     3     3    89     0     0  ________________
  48C:      0     0     0     0    10     0     4     4  ________________
  49C:      4     1     2     3     7     1    24     0  ____________$___
  4AC:      1     0    11     0     0     2    7E     0  ____________~___
  4BC:      0     2    64     0     2     3     0    80  ____d___________
  4CC:      0     0     0    80     3     0    80     0  ________________
  4DC:     64     0     2     3     0    80     0     0  d_______________
  4EC:      0    80  FFFF  FFFF  FFFF  FFFF  FFFF  FFFF  ________________
  4FC:   FFFF  FFFF  FFFF  FFFF  FFFF  FFFF  FFFF  FFFF  ________________
  50C:   FFFF  FFFF  FFFF  FFFF  FFFF  FFFF  FFFF  FFFF  ________________
  51C:   FFFF  FFFF  FFFF  FFFF  FFFF  FFFF  FFFF  FFFF  ________________
  52C:   FFFF  FFFF  FFFF  FFFF  FFFF  FFFF  FFFF  FFFF  ________________
  53C:   FFFF  FFFF  FFFF  FFFF  FFFF  FFFF  FFFF  FFFF  ________________
  54C:   F020  4DBF  838C  FC08  638F  20E3  FF03  D8D7   p?M___|_cc __WX
  55C:   C838  FFFF  FFFF  AFFF  3352  B333  3004  1353  8H_____/R333_0S_
  56C:      3  A000  80D5  8A03  FF4A  FFFF  FFFF   FFF  ___ U___J_______
  57C:   2000     0     4    80  1000     0     2    40  _ ____________@_
  58C:      0     8     0     1  2000     0   400     0  _________ ______
  59C:     80     0    10     0     2  4000     0   800  ___________@____
  5AC:      0   100     0    20     0     4  8000     0  ______ _________
  5BC:   1000     0   200     0    40     0     8     0  ________@_______
  5CC:      1  2000     0   800     0   200     0    40  ___ __________@_
  5DC:      0     8     0     1  2000     0   400     0  _________ ______
  5EC:     80     0    10     0     2  4000     0   800  ___________@____
  5FC:      0   100     0    20     0     4  8000     0  ______ _________
  60C:   1000     0   200     0    40     0     8     0  ________@_______
  61C:      1  4000     0  1000  FFFF  FFFF  FFFF  FFFF  ___@____________
  62C:   FFFF  FFFF  FFFF  FFFF  FFFF  FFFF  FFFF  FFFF  ________________
  63C:   FFFF  FFFF  FFFF  FFFF  FFFF  FFFF  FFFF  FFFF  ________________
 ok 

Thanks for using picocom
picocom v1.7

port is        : /dev/ttyUSB0
flowcontrol    : none
baudrate is    : 115200
parity is      : none
databits are   : 8
escape is      : C-b
local echo is  : no
noinit is      : no
noreset is     : no
nolock is      : no
send_cmd is    : sz -vv
receive_cmd is : rz -vv
imap is        : 
omap is        : delbs,
emap is        : crcrlf,delbs,

