\BOOKMARK [1][-]{section.1}{Introduction}{}
\BOOKMARK [1][-]{section.2}{Project Goals}{}
\BOOKMARK [1][-]{section.3}{Tools used}{}
\BOOKMARK [2][-]{subsection.3.1}{Tools list}{section.3}
\BOOKMARK [1][-]{section.4}{The Hardware}{}
\BOOKMARK [2][-]{subsection.4.1}{Basic system overview}{section.4}
\BOOKMARK [1][-]{section.5}{VHDL}{}
\BOOKMARK [2][-]{subsection.5.1}{J1}{section.5}
\BOOKMARK [2][-]{subsection.5.2}{H2}{section.5}
\BOOKMARK [2][-]{subsection.5.3}{VGA}{section.5}
\BOOKMARK [2][-]{subsection.5.4}{USART}{section.5}
\BOOKMARK [2][-]{subsection.5.5}{RAM and other inferred modules}{section.5}
\BOOKMARK [2][-]{subsection.5.6}{Top level}{section.5}
\BOOKMARK [2][-]{subsection.5.7}{Optimizations}{section.5}
\BOOKMARK [1][-]{section.6}{Build system}{}
\BOOKMARK [2][-]{subsection.6.1}{Test benches}{section.6}
\BOOKMARK [2][-]{subsection.6.2}{FORTH}{section.6}
\BOOKMARK [2][-]{subsection.6.3}{Miscellaneous}{section.6}
\BOOKMARK [1][-]{section.7}{Documentation}{}
\BOOKMARK [2][-]{subsection.7.1}{FORTH interpreter}{section.7}
\BOOKMARK [3][-]{subsubsection.7.1.1}{The C Program}{subsection.7.1}
\BOOKMARK [3][-]{subsubsection.7.1.2}{Basic commands and ideas}{subsection.7.1}
\BOOKMARK [2][-]{subsection.7.2}{H2 CPU}{section.7}
\BOOKMARK [3][-]{subsubsection.7.2.1}{Assembly}{subsection.7.2}
\BOOKMARK [1][-]{section.8}{Future plans}{}
\BOOKMARK [2][-]{subsection.8.1}{Hardware}{section.8}
\BOOKMARK [3][-]{subsubsection.8.1.1}{Different platforms}{subsection.8.1}
\BOOKMARK [3][-]{subsubsection.8.1.2}{More generic code}{subsection.8.1}
\BOOKMARK [3][-]{subsubsection.8.1.3}{PS/2 or USB keyboard}{subsection.8.1}
\BOOKMARK [3][-]{subsubsection.8.1.4}{Signal Generator}{subsection.8.1}
\BOOKMARK [3][-]{subsubsection.8.1.5}{Data logger}{subsection.8.1}
\BOOKMARK [3][-]{subsubsection.8.1.6}{Logic Analyser}{subsection.8.1}
\BOOKMARK [2][-]{subsection.8.2}{Firmware}{section.8}
\BOOKMARK [1][-]{section.9}{Contact details and licenses}{}
\BOOKMARK [1][-]{section.10}{Conclusion}{}
\BOOKMARK [2][-]{subsection.10.1}{What I would have done differently}{section.10}
\BOOKMARK [2][-]{subsection.10.2}{Project achievements}{section.10}
\BOOKMARK [1][-]{section.11}{References}{}
\BOOKMARK [1][-]{section.12}{Appendix}{}
